Started at Sun Jul 23 14:39:08 UTC 2023
Processing test
Offering test to Project Build Discarder
Processing test2
Offering test2 to Project Build Discarder
Processing test3
Offering test3 to Project Build Discarder
Finished at Sun Jul 23 14:39:08 UTC 2023. 1ms
Started at Sun Jul 23 15:39:08 UTC 2023
Processing test
Offering test to Project Build Discarder
Processing test2
Offering test2 to Project Build Discarder
Processing test3
Offering test3 to Project Build Discarder
Finished at Sun Jul 23 15:39:08 UTC 2023. 1ms
Started at Sun Jul 23 16:39:08 UTC 2023
Processing test
Offering test to Project Build Discarder
Processing test2
Offering test2 to Project Build Discarder
Processing test3
Offering test3 to Project Build Discarder
Finished at Sun Jul 23 16:39:08 UTC 2023. 1ms
Started at Sun Jul 23 17:39:08 UTC 2023
Processing test
Offering test to Project Build Discarder
Processing test2
Offering test2 to Project Build Discarder
Processing test3
Offering test3 to Project Build Discarder
Finished at Sun Jul 23 17:39:08 UTC 2023. 1ms
Started at Sun Jul 23 18:39:08 UTC 2023
Processing test
Offering test to Project Build Discarder
Processing test2
Offering test2 to Project Build Discarder
Processing test3
Offering test3 to Project Build Discarder
Finished at Sun Jul 23 18:39:08 UTC 2023. 1ms
Started at Sun Jul 23 19:39:08 UTC 2023
Processing test
Offering test to Project Build Discarder
Processing test2
Offering test2 to Project Build Discarder
Processing test3
Offering test3 to Project Build Discarder
Finished at Sun Jul 23 19:39:08 UTC 2023. 1ms
Started at Sun Jul 23 20:39:08 UTC 2023
Processing test
Offering test to Project Build Discarder
Processing test2
Offering test2 to Project Build Discarder
Processing test3
Offering test3 to Project Build Discarder
Finished at Sun Jul 23 20:39:08 UTC 2023. 1ms
Started at Sun Jul 23 21:39:08 UTC 2023
Processing test
Offering test to Project Build Discarder
Processing test2
Offering test2 to Project Build Discarder
Processing test3
Offering test3 to Project Build Discarder
Finished at Sun Jul 23 21:39:08 UTC 2023. 1ms
Started at Sun Jul 23 22:39:08 UTC 2023
Processing test
Offering test to Project Build Discarder
Processing test2
Offering test2 to Project Build Discarder
Processing test3
Offering test3 to Project Build Discarder
Finished at Sun Jul 23 22:39:08 UTC 2023. 1ms
Started at Sun Jul 23 23:39:08 UTC 2023
Processing test
Offering test to Project Build Discarder
Processing test2
Offering test2 to Project Build Discarder
Processing test3
Offering test3 to Project Build Discarder
Finished at Sun Jul 23 23:39:08 UTC 2023. 1ms
Started at Mon Jul 24 00:39:08 UTC 2023
Processing test
Offering test to Project Build Discarder
Processing test2
Offering test2 to Project Build Discarder
Processing test3
Offering test3 to Project Build Discarder
Finished at Mon Jul 24 00:39:08 UTC 2023. 1ms
Started at Mon Jul 24 01:39:08 UTC 2023
Processing test
Offering test to Project Build Discarder
Processing test2
Offering test2 to Project Build Discarder
Processing test3
Offering test3 to Project Build Discarder
Finished at Mon Jul 24 01:39:08 UTC 2023. 1ms
Started at Mon Jul 24 02:39:08 UTC 2023
Processing test
Offering test to Project Build Discarder
Processing test2
Offering test2 to Project Build Discarder
Processing test3
Offering test3 to Project Build Discarder
Finished at Mon Jul 24 02:39:08 UTC 2023. 1ms
Started at Mon Jul 24 03:39:08 UTC 2023
Processing test
Offering test to Project Build Discarder
Processing test2
Offering test2 to Project Build Discarder
Processing test3
Offering test3 to Project Build Discarder
Finished at Mon Jul 24 03:39:08 UTC 2023. 1ms
Started at Mon Jul 24 04:39:08 UTC 2023
Processing test
Offering test to Project Build Discarder
Processing test2
Offering test2 to Project Build Discarder
Processing test3
Offering test3 to Project Build Discarder
Finished at Mon Jul 24 04:39:08 UTC 2023. 0ms
Started at Mon Jul 24 05:39:08 UTC 2023
Processing dclab kube pipeline
Offering dclab kube pipeline to Project Build Discarder
Processing test
Offering test to Project Build Discarder
Processing test2
Offering test2 to Project Build Discarder
Processing test3
Offering test3 to Project Build Discarder
Finished at Mon Jul 24 05:39:08 UTC 2023. 1ms
