--- Copying files at Wed Jun 28 07:01:46 UTC 2023
--- Copying files at Wed Jun 28 07:25:09 UTC 2023
--- Copying files at Wed Jun 28 07:55:55 UTC 2023
--- Copying files at Wed Jun 28 07:59:33 UTC 2023
--- Copying files at Thu Jun 29 01:56:37 UTC 2023
--- Copying files at Thu Jun 29 02:00:10 UTC 2023
--- Copying files at Thu Jun 29 04:17:48 UTC 2023
--- Copying files at Thu Jun 29 08:13:31 UTC 2023
--- Copying files at Thu Jun 29 08:17:05 UTC 2023
--- Copying files at Thu Jun 29 08:46:59 UTC 2023
--- Copying files at Thu Jun 29 10:42:30 UTC 2023
--- Copying files at Thu Jun 29 10:43:52 UTC 2023
--- Copying files at Thu Jun 29 10:49:41 UTC 2023
--- Copying files at Thu Jun 29 10:51:55 UTC 2023
--- Copying files at Thu Jun 29 11:43:09 UTC 2023
--- Copying files at Thu Jun 29 11:46:13 UTC 2023
--- Copying files at Thu Jun 29 11:48:14 UTC 2023
--- Copying files at Thu Jun 29 11:57:10 UTC 2023
--- Copying files at Thu Jun 29 12:23:33 UTC 2023
--- Copying files at Thu Jun 29 12:31:29 UTC 2023
--- Copying files at Fri Jun 30 04:52:02 UTC 2023
--- Copying files at Mon Jul  3 11:11:09 UTC 2023
--- Copying files at Mon Jul 10 02:33:28 UTC 2023
